2024-07-23T18:22:41.528Z [31merror[39m: Error: Route.get() requires a callback function but got a [object Undefined]
    at Route.<computed> [as get] (C:\Temp\app\phonebook\node_modules\express\lib\router\route.js:216:15)
    at Function.proto.<computed> [as get] (C:\Temp\app\phonebook\node_modules\express\lib\router\index.js:521:19)
    at Object.<anonymous> (C:\Temp\app\phonebook\routes\contactRoutes.js:7:8)
    at Module._compile (node:internal/modules/cjs/loader:1105:14)
    at Object.Module._extensions..js (node:internal/modules/cjs/loader:1159:10)
    at Module.load (node:internal/modules/cjs/loader:981:32)
    at Function.Module._load (node:internal/modules/cjs/loader:822:12)
    at Module.require (node:internal/modules/cjs/loader:1005:19)
    at require (node:internal/modules/cjs/helpers:102:18)
    at Object.<anonymous> (C:\Temp\app\phonebook\server.js:6:23)
    at Module._compile (node:internal/modules/cjs/loader:1105:14)
    at Object.Module._extensions..js (node:internal/modules/cjs/loader:1159:10)
    at Module.load (node:internal/modules/cjs/loader:981:32)
    at Function.Module._load (node:internal/modules/cjs/loader:822:12)
    at Function.executeUserEntryPoint [as runMain] (node:internal/modules/run_main:77:12)
    at node:internal/main/run_main_module:17:47
2024-07-23T18:27:32.662Z [31merror[39m: Error: Route.get() requires a callback function but got a [object Undefined]
    at Route.<computed> [as get] (C:\Temp\app\phonebook\node_modules\express\lib\router\route.js:216:15)
    at Function.proto.<computed> [as get] (C:\Temp\app\phonebook\node_modules\express\lib\router\index.js:521:19)
    at Object.<anonymous> (C:\Temp\app\phonebook\routes\contactRoutes.js:7:8)
    at Module._compile (node:internal/modules/cjs/loader:1105:14)
    at Object.Module._extensions..js (node:internal/modules/cjs/loader:1159:10)
    at Module.load (node:internal/modules/cjs/loader:981:32)
    at Function.Module._load (node:internal/modules/cjs/loader:822:12)
    at Module.require (node:internal/modules/cjs/loader:1005:19)
    at require (node:internal/modules/cjs/helpers:102:18)
    at Object.<anonymous> (C:\Temp\app\phonebook\server.js:6:23)
    at Module._compile (node:internal/modules/cjs/loader:1105:14)
    at Object.Module._extensions..js (node:internal/modules/cjs/loader:1159:10)
    at Module.load (node:internal/modules/cjs/loader:981:32)
    at Function.Module._load (node:internal/modules/cjs/loader:822:12)
    at Function.executeUserEntryPoint [as runMain] (node:internal/modules/run_main:77:12)
    at node:internal/main/run_main_module:17:47
2024-07-23T18:29:54.620Z [31merror[39m: Error: Route.get() requires a callback function but got a [object Undefined]
    at Route.<computed> [as get] (C:\Temp\app\phonebook\node_modules\express\lib\router\route.js:216:15)
    at Function.proto.<computed> [as get] (C:\Temp\app\phonebook\node_modules\express\lib\router\index.js:521:19)
    at Object.<anonymous> (C:\Temp\app\phonebook\routes\contactRoutes.js:7:8)
    at Module._compile (node:internal/modules/cjs/loader:1105:14)
    at Object.Module._extensions..js (node:internal/modules/cjs/loader:1159:10)
    at Module.load (node:internal/modules/cjs/loader:981:32)
    at Function.Module._load (node:internal/modules/cjs/loader:822:12)
    at Module.require (node:internal/modules/cjs/loader:1005:19)
    at require (node:internal/modules/cjs/helpers:102:18)
    at Object.<anonymous> (C:\Temp\app\phonebook\server.js:6:23)
    at Module._compile (node:internal/modules/cjs/loader:1105:14)
    at Object.Module._extensions..js (node:internal/modules/cjs/loader:1159:10)
    at Module.load (node:internal/modules/cjs/loader:981:32)
    at Function.Module._load (node:internal/modules/cjs/loader:822:12)
    at Function.executeUserEntryPoint [as runMain] (node:internal/modules/run_main:77:12)
    at node:internal/main/run_main_module:17:47
2024-07-23T18:30:09.520Z [31merror[39m: Error: Route.get() requires a callback function but got a [object Undefined]
    at Route.<computed> [as get] (C:\Temp\app\phonebook\node_modules\express\lib\router\route.js:216:15)
    at Function.proto.<computed> [as get] (C:\Temp\app\phonebook\node_modules\express\lib\router\index.js:521:19)
    at Object.<anonymous> (C:\Temp\app\phonebook\routes\contactRoutes.js:7:8)
    at Module._compile (node:internal/modules/cjs/loader:1105:14)
    at Object.Module._extensions..js (node:internal/modules/cjs/loader:1159:10)
    at Module.load (node:internal/modules/cjs/loader:981:32)
    at Function.Module._load (node:internal/modules/cjs/loader:822:12)
    at Module.require (node:internal/modules/cjs/loader:1005:19)
    at require (node:internal/modules/cjs/helpers:102:18)
    at Object.<anonymous> (C:\Temp\app\phonebook\server.js:6:23)
    at Module._compile (node:internal/modules/cjs/loader:1105:14)
    at Object.Module._extensions..js (node:internal/modules/cjs/loader:1159:10)
    at Module.load (node:internal/modules/cjs/loader:981:32)
    at Function.Module._load (node:internal/modules/cjs/loader:822:12)
    at Function.executeUserEntryPoint [as runMain] (node:internal/modules/run_main:77:12)
    at node:internal/main/run_main_module:17:47
2024-07-23T18:30:46.458Z [31merror[39m: Error: Route.get() requires a callback function but got a [object Undefined]
    at Route.<computed> [as get] (C:\Temp\app\phonebook\node_modules\express\lib\router\route.js:216:15)
    at Function.proto.<computed> [as get] (C:\Temp\app\phonebook\node_modules\express\lib\router\index.js:521:19)
    at Object.<anonymous> (C:\Temp\app\phonebook\routes\contactRoutes.js:7:8)
    at Module._compile (node:internal/modules/cjs/loader:1105:14)
    at Object.Module._extensions..js (node:internal/modules/cjs/loader:1159:10)
    at Module.load (node:internal/modules/cjs/loader:981:32)
    at Function.Module._load (node:internal/modules/cjs/loader:822:12)
    at Module.require (node:internal/modules/cjs/loader:1005:19)
    at require (node:internal/modules/cjs/helpers:102:18)
    at Object.<anonymous> (C:\Temp\app\phonebook\server.js:6:23)
    at Module._compile (node:internal/modules/cjs/loader:1105:14)
    at Object.Module._extensions..js (node:internal/modules/cjs/loader:1159:10)
    at Module.load (node:internal/modules/cjs/loader:981:32)
    at Function.Module._load (node:internal/modules/cjs/loader:822:12)
    at Function.executeUserEntryPoint [as runMain] (node:internal/modules/run_main:77:12)
    at node:internal/main/run_main_module:17:47
2024-07-23T18:38:46.040Z [31merror[39m: Error: Route.get() requires a callback function but got a [object Undefined]
    at Route.<computed> [as get] (C:\Temp\app\phonebook\node_modules\express\lib\router\route.js:216:15)
    at Function.proto.<computed> [as get] (C:\Temp\app\phonebook\node_modules\express\lib\router\index.js:521:19)
    at Object.<anonymous> (C:\Temp\app\phonebook\routes\contactRoutes.js:7:8)
    at Module._compile (node:internal/modules/cjs/loader:1105:14)
    at Object.Module._extensions..js (node:internal/modules/cjs/loader:1159:10)
    at Module.load (node:internal/modules/cjs/loader:981:32)
    at Function.Module._load (node:internal/modules/cjs/loader:822:12)
    at Module.require (node:internal/modules/cjs/loader:1005:19)
    at require (node:internal/modules/cjs/helpers:102:18)
    at Object.<anonymous> (C:\Temp\app\phonebook\server.js:6:23)
    at Module._compile (node:internal/modules/cjs/loader:1105:14)
    at Object.Module._extensions..js (node:internal/modules/cjs/loader:1159:10)
    at Module.load (node:internal/modules/cjs/loader:981:32)
    at Function.Module._load (node:internal/modules/cjs/loader:822:12)
    at Function.executeUserEntryPoint [as runMain] (node:internal/modules/run_main:77:12)
    at node:internal/main/run_main_module:17:47
2024-07-23T18:41:21.679Z [31merror[39m: Error: Route.get() requires a callback function but got a [object Undefined]
    at Route.<computed> [as get] (C:\Temp\app\phonebook\node_modules\express\lib\router\route.js:216:15)
    at Function.proto.<computed> [as get] (C:\Temp\app\phonebook\node_modules\express\lib\router\index.js:521:19)
    at Object.<anonymous> (C:\Temp\app\phonebook\routes\contactRoutes.js:7:8)
    at Module._compile (node:internal/modules/cjs/loader:1105:14)
    at Object.Module._extensions..js (node:internal/modules/cjs/loader:1159:10)
    at Module.load (node:internal/modules/cjs/loader:981:32)
    at Function.Module._load (node:internal/modules/cjs/loader:822:12)
    at Module.require (node:internal/modules/cjs/loader:1005:19)
    at require (node:internal/modules/cjs/helpers:102:18)
    at Object.<anonymous> (C:\Temp\app\phonebook\server.js:6:23)
    at Module._compile (node:internal/modules/cjs/loader:1105:14)
    at Object.Module._extensions..js (node:internal/modules/cjs/loader:1159:10)
    at Module.load (node:internal/modules/cjs/loader:981:32)
    at Function.Module._load (node:internal/modules/cjs/loader:822:12)
    at Function.executeUserEntryPoint [as runMain] (node:internal/modules/run_main:77:12)
    at node:internal/main/run_main_module:17:47
2024-07-23T18:43:58.448Z [31merror[39m: Error: Route.get() requires a callback function but got a [object Undefined]
    at Route.<computed> [as get] (C:\Temp\app\phonebook\node_modules\express\lib\router\route.js:216:15)
    at Function.proto.<computed> [as get] (C:\Temp\app\phonebook\node_modules\express\lib\router\index.js:521:19)
    at Object.<anonymous> (C:\Temp\app\phonebook\routes\contactRoutes.js:7:8)
    at Module._compile (node:internal/modules/cjs/loader:1105:14)
    at Object.Module._extensions..js (node:internal/modules/cjs/loader:1159:10)
    at Module.load (node:internal/modules/cjs/loader:981:32)
    at Function.Module._load (node:internal/modules/cjs/loader:822:12)
    at Module.require (node:internal/modules/cjs/loader:1005:19)
    at require (node:internal/modules/cjs/helpers:102:18)
    at Object.<anonymous> (C:\Temp\app\phonebook\server.js:6:23)
    at Module._compile (node:internal/modules/cjs/loader:1105:14)
    at Object.Module._extensions..js (node:internal/modules/cjs/loader:1159:10)
    at Module.load (node:internal/modules/cjs/loader:981:32)
    at Function.Module._load (node:internal/modules/cjs/loader:822:12)
    at Function.executeUserEntryPoint [as runMain] (node:internal/modules/run_main:77:12)
    at node:internal/main/run_main_module:17:47
2024-07-23T18:44:13.615Z [31merror[39m: Error: Route.get() requires a callback function but got a [object Undefined]
    at Route.<computed> [as get] (C:\Temp\app\phonebook\node_modules\express\lib\router\route.js:216:15)
    at Function.proto.<computed> [as get] (C:\Temp\app\phonebook\node_modules\express\lib\router\index.js:521:19)
    at Object.<anonymous> (C:\Temp\app\phonebook\routes\contactRoutes.js:7:8)
    at Module._compile (node:internal/modules/cjs/loader:1105:14)
    at Object.Module._extensions..js (node:internal/modules/cjs/loader:1159:10)
    at Module.load (node:internal/modules/cjs/loader:981:32)
    at Function.Module._load (node:internal/modules/cjs/loader:822:12)
    at Module.require (node:internal/modules/cjs/loader:1005:19)
    at require (node:internal/modules/cjs/helpers:102:18)
    at Object.<anonymous> (C:\Temp\app\phonebook\server.js:6:23)
    at Module._compile (node:internal/modules/cjs/loader:1105:14)
    at Object.Module._extensions..js (node:internal/modules/cjs/loader:1159:10)
    at Module.load (node:internal/modules/cjs/loader:981:32)
    at Function.Module._load (node:internal/modules/cjs/loader:822:12)
    at Function.executeUserEntryPoint [as runMain] (node:internal/modules/run_main:77:12)
    at node:internal/main/run_main_module:17:47
2024-07-23T18:46:50.549Z [31merror[39m: Error: Route.get() requires a callback function but got a [object Undefined]
    at Route.<computed> [as get] (C:\Temp\app\phonebook\node_modules\express\lib\router\route.js:216:15)
    at Function.proto.<computed> [as get] (C:\Temp\app\phonebook\node_modules\express\lib\router\index.js:521:19)
    at Object.<anonymous> (C:\Temp\app\phonebook\routes\contactRoutes.js:7:8)
    at Module._compile (node:internal/modules/cjs/loader:1105:14)
    at Object.Module._extensions..js (node:internal/modules/cjs/loader:1159:10)
    at Module.load (node:internal/modules/cjs/loader:981:32)
    at Function.Module._load (node:internal/modules/cjs/loader:822:12)
    at Module.require (node:internal/modules/cjs/loader:1005:19)
    at require (node:internal/modules/cjs/helpers:102:18)
    at Object.<anonymous> (C:\Temp\app\phonebook\server.js:6:23)
    at Module._compile (node:internal/modules/cjs/loader:1105:14)
    at Object.Module._extensions..js (node:internal/modules/cjs/loader:1159:10)
    at Module.load (node:internal/modules/cjs/loader:981:32)
    at Function.Module._load (node:internal/modules/cjs/loader:822:12)
    at Function.executeUserEntryPoint [as runMain] (node:internal/modules/run_main:77:12)
    at node:internal/main/run_main_module:17:47
2024-07-23T18:47:27.667Z [31merror[39m: Error: Route.get() requires a callback function but got a [object Undefined]
    at Route.<computed> [as get] (C:\Temp\app\phonebook\node_modules\express\lib\router\route.js:216:15)
    at Function.proto.<computed> [as get] (C:\Temp\app\phonebook\node_modules\express\lib\router\index.js:521:19)
    at Object.<anonymous> (C:\Temp\app\phonebook\routes\contactRoutes.js:7:8)
    at Module._compile (node:internal/modules/cjs/loader:1105:14)
    at Object.Module._extensions..js (node:internal/modules/cjs/loader:1159:10)
    at Module.load (node:internal/modules/cjs/loader:981:32)
    at Function.Module._load (node:internal/modules/cjs/loader:822:12)
    at Module.require (node:internal/modules/cjs/loader:1005:19)
    at require (node:internal/modules/cjs/helpers:102:18)
    at Object.<anonymous> (C:\Temp\app\phonebook\server.js:6:23)
    at Module._compile (node:internal/modules/cjs/loader:1105:14)
    at Object.Module._extensions..js (node:internal/modules/cjs/loader:1159:10)
    at Module.load (node:internal/modules/cjs/loader:981:32)
    at Function.Module._load (node:internal/modules/cjs/loader:822:12)
    at Function.executeUserEntryPoint [as runMain] (node:internal/modules/run_main:77:12)
    at node:internal/main/run_main_module:17:47
2024-07-23T18:50:53.838Z [31merror[39m: Error: Route.get() requires a callback function but got a [object Undefined]
    at Route.<computed> [as get] (C:\Temp\app\phonebook\node_modules\express\lib\router\route.js:216:15)
    at Function.proto.<computed> [as get] (C:\Temp\app\phonebook\node_modules\express\lib\router\index.js:521:19)
    at Object.<anonymous> (C:\Temp\app\phonebook\routes\contactRoutes.js:7:8)
    at Module._compile (node:internal/modules/cjs/loader:1105:14)
    at Object.Module._extensions..js (node:internal/modules/cjs/loader:1159:10)
    at Module.load (node:internal/modules/cjs/loader:981:32)
    at Function.Module._load (node:internal/modules/cjs/loader:822:12)
    at Module.require (node:internal/modules/cjs/loader:1005:19)
    at require (node:internal/modules/cjs/helpers:102:18)
    at Object.<anonymous> (C:\Temp\app\phonebook\server.js:6:23)
    at Module._compile (node:internal/modules/cjs/loader:1105:14)
    at Object.Module._extensions..js (node:internal/modules/cjs/loader:1159:10)
    at Module.load (node:internal/modules/cjs/loader:981:32)
    at Function.Module._load (node:internal/modules/cjs/loader:822:12)
    at Function.executeUserEntryPoint [as runMain] (node:internal/modules/run_main:77:12)
    at node:internal/main/run_main_module:17:47
2024-07-23T18:51:07.124Z [31merror[39m: Error: Route.get() requires a callback function but got a [object Undefined]
    at Route.<computed> [as get] (C:\Temp\app\phonebook\node_modules\express\lib\router\route.js:216:15)
    at Function.proto.<computed> [as get] (C:\Temp\app\phonebook\node_modules\express\lib\router\index.js:521:19)
    at Object.<anonymous> (C:\Temp\app\phonebook\routes\contactRoutes.js:7:8)
    at Module._compile (node:internal/modules/cjs/loader:1105:14)
    at Object.Module._extensions..js (node:internal/modules/cjs/loader:1159:10)
    at Module.load (node:internal/modules/cjs/loader:981:32)
    at Function.Module._load (node:internal/modules/cjs/loader:822:12)
    at Module.require (node:internal/modules/cjs/loader:1005:19)
    at require (node:internal/modules/cjs/helpers:102:18)
    at Object.<anonymous> (C:\Temp\app\phonebook\server.js:6:23)
    at Module._compile (node:internal/modules/cjs/loader:1105:14)
    at Object.Module._extensions..js (node:internal/modules/cjs/loader:1159:10)
    at Module.load (node:internal/modules/cjs/loader:981:32)
    at Function.Module._load (node:internal/modules/cjs/loader:822:12)
    at Function.executeUserEntryPoint [as runMain] (node:internal/modules/run_main:77:12)
    at node:internal/main/run_main_module:17:47
2024-07-23T19:04:12.576Z [31merror[39m: Error: Route.get() requires a callback function but got a [object Undefined]
    at Route.<computed> [as get] (C:\Temp\app\phonebook\node_modules\express\lib\router\route.js:216:15)
    at Function.proto.<computed> [as get] (C:\Temp\app\phonebook\node_modules\express\lib\router\index.js:521:19)
    at Object.<anonymous> (C:\Temp\app\phonebook\routes\contactRoutes.js:7:8)
    at Module._compile (node:internal/modules/cjs/loader:1105:14)
    at Object.Module._extensions..js (node:internal/modules/cjs/loader:1159:10)
    at Module.load (node:internal/modules/cjs/loader:981:32)
    at Function.Module._load (node:internal/modules/cjs/loader:822:12)
    at Module.require (node:internal/modules/cjs/loader:1005:19)
    at require (node:internal/modules/cjs/helpers:102:18)
    at Object.<anonymous> (C:\Temp\app\phonebook\server.js:6:23)
    at Module._compile (node:internal/modules/cjs/loader:1105:14)
    at Object.Module._extensions..js (node:internal/modules/cjs/loader:1159:10)
    at Module.load (node:internal/modules/cjs/loader:981:32)
    at Function.Module._load (node:internal/modules/cjs/loader:822:12)
    at Function.executeUserEntryPoint [as runMain] (node:internal/modules/run_main:77:12)
    at node:internal/main/run_main_module:17:47
2024-07-23T19:18:55.945Z [31merror[39m: Error: Route.get() requires a callback function but got a [object Undefined]
    at Route.<computed> [as get] (C:\Temp\app\phonebook\node_modules\express\lib\router\route.js:216:15)
    at Function.proto.<computed> [as get] (C:\Temp\app\phonebook\node_modules\express\lib\router\index.js:521:19)
    at Object.<anonymous> (C:\Temp\app\phonebook\routes\contactRoutes.js:7:8)
    at Module._compile (node:internal/modules/cjs/loader:1105:14)
    at Object.Module._extensions..js (node:internal/modules/cjs/loader:1159:10)
    at Module.load (node:internal/modules/cjs/loader:981:32)
    at Function.Module._load (node:internal/modules/cjs/loader:822:12)
    at Module.require (node:internal/modules/cjs/loader:1005:19)
    at require (node:internal/modules/cjs/helpers:102:18)
    at Object.<anonymous> (C:\Temp\app\phonebook\server.js:5:23)
    at Module._compile (node:internal/modules/cjs/loader:1105:14)
    at Object.Module._extensions..js (node:internal/modules/cjs/loader:1159:10)
    at Module.load (node:internal/modules/cjs/loader:981:32)
    at Function.Module._load (node:internal/modules/cjs/loader:822:12)
    at Function.executeUserEntryPoint [as runMain] (node:internal/modules/run_main:77:12)
    at node:internal/main/run_main_module:17:47
2024-07-23T19:19:55.472Z [31merror[39m: ReferenceError: redis is not defined
    at Object.<anonymous> (C:\Temp\app\phonebook\controllers\contactController.js:5:21)
    at Module._compile (node:internal/modules/cjs/loader:1105:14)
    at Object.Module._extensions..js (node:internal/modules/cjs/loader:1159:10)
    at Module.load (node:internal/modules/cjs/loader:981:32)
    at Function.Module._load (node:internal/modules/cjs/loader:822:12)
    at Module.require (node:internal/modules/cjs/loader:1005:19)
    at require (node:internal/modules/cjs/helpers:102:18)
    at Object.<anonymous> (C:\Temp\app\phonebook\routes\contactRoutes.js:3:27)
    at Module._compile (node:internal/modules/cjs/loader:1105:14)
    at Object.Module._extensions..js (node:internal/modules/cjs/loader:1159:10)
    at Module.load (node:internal/modules/cjs/loader:981:32)
    at Function.Module._load (node:internal/modules/cjs/loader:822:12)
    at Module.require (node:internal/modules/cjs/loader:1005:19)
    at require (node:internal/modules/cjs/helpers:102:18)
    at Object.<anonymous> (C:\Temp\app\phonebook\server.js:5:23)
    at Module._compile (node:internal/modules/cjs/loader:1105:14)
2024-07-23T19:20:08.025Z [31merror[39m: Error: Route.get() requires a callback function but got a [object Undefined]
    at Route.<computed> [as get] (C:\Temp\app\phonebook\node_modules\express\lib\router\route.js:216:15)
    at Function.proto.<computed> [as get] (C:\Temp\app\phonebook\node_modules\express\lib\router\index.js:521:19)
    at Object.<anonymous> (C:\Temp\app\phonebook\routes\contactRoutes.js:7:8)
    at Module._compile (node:internal/modules/cjs/loader:1105:14)
    at Object.Module._extensions..js (node:internal/modules/cjs/loader:1159:10)
    at Module.load (node:internal/modules/cjs/loader:981:32)
    at Function.Module._load (node:internal/modules/cjs/loader:822:12)
    at Module.require (node:internal/modules/cjs/loader:1005:19)
    at require (node:internal/modules/cjs/helpers:102:18)
    at Object.<anonymous> (C:\Temp\app\phonebook\server.js:5:23)
    at Module._compile (node:internal/modules/cjs/loader:1105:14)
    at Object.Module._extensions..js (node:internal/modules/cjs/loader:1159:10)
    at Module.load (node:internal/modules/cjs/loader:981:32)
    at Function.Module._load (node:internal/modules/cjs/loader:822:12)
    at Function.executeUserEntryPoint [as runMain] (node:internal/modules/run_main:77:12)
    at node:internal/main/run_main_module:17:47
2024-07-23T19:20:14.935Z [31merror[39m: Error: Route.get() requires a callback function but got a [object Undefined]
    at Route.<computed> [as get] (C:\Temp\app\phonebook\node_modules\express\lib\router\route.js:216:15)
    at Function.proto.<computed> [as get] (C:\Temp\app\phonebook\node_modules\express\lib\router\index.js:521:19)
    at Object.<anonymous> (C:\Temp\app\phonebook\routes\contactRoutes.js:7:8)
    at Module._compile (node:internal/modules/cjs/loader:1105:14)
    at Object.Module._extensions..js (node:internal/modules/cjs/loader:1159:10)
    at Module.load (node:internal/modules/cjs/loader:981:32)
    at Function.Module._load (node:internal/modules/cjs/loader:822:12)
    at Module.require (node:internal/modules/cjs/loader:1005:19)
    at require (node:internal/modules/cjs/helpers:102:18)
    at Object.<anonymous> (C:\Temp\app\phonebook\server.js:5:23)
    at Module._compile (node:internal/modules/cjs/loader:1105:14)
    at Object.Module._extensions..js (node:internal/modules/cjs/loader:1159:10)
    at Module.load (node:internal/modules/cjs/loader:981:32)
    at Function.Module._load (node:internal/modules/cjs/loader:822:12)
    at Function.executeUserEntryPoint [as runMain] (node:internal/modules/run_main:77:12)
    at node:internal/main/run_main_module:17:47
2024-07-23T19:20:49.241Z [31merror[39m: ReferenceError: redis is not defined
    at Object.<anonymous> (C:\Temp\app\phonebook\controllers\contactController.js:5:21)
    at Module._compile (node:internal/modules/cjs/loader:1105:14)
    at Object.Module._extensions..js (node:internal/modules/cjs/loader:1159:10)
    at Module.load (node:internal/modules/cjs/loader:981:32)
    at Function.Module._load (node:internal/modules/cjs/loader:822:12)
    at Module.require (node:internal/modules/cjs/loader:1005:19)
    at require (node:internal/modules/cjs/helpers:102:18)
    at Object.<anonymous> (C:\Temp\app\phonebook\routes\contactRoutes.js:3:27)
    at Module._compile (node:internal/modules/cjs/loader:1105:14)
    at Object.Module._extensions..js (node:internal/modules/cjs/loader:1159:10)
    at Module.load (node:internal/modules/cjs/loader:981:32)
    at Function.Module._load (node:internal/modules/cjs/loader:822:12)
    at Module.require (node:internal/modules/cjs/loader:1005:19)
    at require (node:internal/modules/cjs/helpers:102:18)
    at Object.<anonymous> (C:\Temp\app\phonebook\server.js:5:23)
    at Module._compile (node:internal/modules/cjs/loader:1105:14)
2024-07-23T19:21:12.214Z [31merror[39m: ReferenceError: redis is not defined
    at Object.<anonymous> (C:\Temp\app\phonebook\controllers\contactController.js:5:21)
    at Module._compile (node:internal/modules/cjs/loader:1105:14)
    at Object.Module._extensions..js (node:internal/modules/cjs/loader:1159:10)
    at Module.load (node:internal/modules/cjs/loader:981:32)
    at Function.Module._load (node:internal/modules/cjs/loader:822:12)
    at Module.require (node:internal/modules/cjs/loader:1005:19)
    at require (node:internal/modules/cjs/helpers:102:18)
    at Object.<anonymous> (C:\Temp\app\phonebook\routes\contactRoutes.js:3:27)
    at Module._compile (node:internal/modules/cjs/loader:1105:14)
    at Object.Module._extensions..js (node:internal/modules/cjs/loader:1159:10)
    at Module.load (node:internal/modules/cjs/loader:981:32)
    at Function.Module._load (node:internal/modules/cjs/loader:822:12)
    at Module.require (node:internal/modules/cjs/loader:1005:19)
    at require (node:internal/modules/cjs/helpers:102:18)
    at Object.<anonymous> (C:\Temp\app\phonebook\server.js:5:23)
    at Module._compile (node:internal/modules/cjs/loader:1105:14)
2024-07-23T19:21:41.428Z [31merror[39m: Error: Route.get() requires a callback function but got a [object Undefined]
    at Route.<computed> [as get] (C:\Temp\app\phonebook\node_modules\express\lib\router\route.js:216:15)
    at Function.proto.<computed> [as get] (C:\Temp\app\phonebook\node_modules\express\lib\router\index.js:521:19)
    at Object.<anonymous> (C:\Temp\app\phonebook\routes\contactRoutes.js:7:8)
    at Module._compile (node:internal/modules/cjs/loader:1105:14)
    at Object.Module._extensions..js (node:internal/modules/cjs/loader:1159:10)
    at Module.load (node:internal/modules/cjs/loader:981:32)
    at Function.Module._load (node:internal/modules/cjs/loader:822:12)
    at Module.require (node:internal/modules/cjs/loader:1005:19)
    at require (node:internal/modules/cjs/helpers:102:18)
    at Object.<anonymous> (C:\Temp\app\phonebook\server.js:5:23)
    at Module._compile (node:internal/modules/cjs/loader:1105:14)
    at Object.Module._extensions..js (node:internal/modules/cjs/loader:1159:10)
    at Module.load (node:internal/modules/cjs/loader:981:32)
    at Function.Module._load (node:internal/modules/cjs/loader:822:12)
    at Function.executeUserEntryPoint [as runMain] (node:internal/modules/run_main:77:12)
    at node:internal/main/run_main_module:17:47
2024-07-23T19:21:46.455Z [31merror[39m: Error: Route.get() requires a callback function but got a [object Undefined]
    at Route.<computed> [as get] (C:\Temp\app\phonebook\node_modules\express\lib\router\route.js:216:15)
    at Function.proto.<computed> [as get] (C:\Temp\app\phonebook\node_modules\express\lib\router\index.js:521:19)
    at Object.<anonymous> (C:\Temp\app\phonebook\routes\contactRoutes.js:7:8)
    at Module._compile (node:internal/modules/cjs/loader:1105:14)
    at Object.Module._extensions..js (node:internal/modules/cjs/loader:1159:10)
    at Module.load (node:internal/modules/cjs/loader:981:32)
    at Function.Module._load (node:internal/modules/cjs/loader:822:12)
    at Module.require (node:internal/modules/cjs/loader:1005:19)
    at require (node:internal/modules/cjs/helpers:102:18)
    at Object.<anonymous> (C:\Temp\app\phonebook\server.js:5:23)
    at Module._compile (node:internal/modules/cjs/loader:1105:14)
    at Object.Module._extensions..js (node:internal/modules/cjs/loader:1159:10)
    at Module.load (node:internal/modules/cjs/loader:981:32)
    at Function.Module._load (node:internal/modules/cjs/loader:822:12)
    at Function.executeUserEntryPoint [as runMain] (node:internal/modules/run_main:77:12)
    at node:internal/main/run_main_module:17:47
